<?xml version="1.0" encoding="UTF-8"?><testsuite errors="0" failures="0" name="com.playground.bestbuy.crudtest.ProductCRUDTest" skipped="0" tests="4" time="21.31" timestamp="2020-05-27T15:58:51.672+01:00[Europe/London]"><testcase classname="com.playground.bestbuy.crudtest.ProductCRUDTest" name="This test is creating a new products and verify it is created"/><testcase classname="com.playground.bestbuy.crudtest.ProductCRUDTest" name="This test is getting a created product by ID"/><testcase classname="com.playground.bestbuy.crudtest.ProductCRUDTest" name="This test will update the product information and verify the updated information"/><testcase classname="com.playground.bestbuy.crudtest.ProductCRUDTest" name="This test will delete the product information and verify the product is deleted "/></testsuite>