<?xml version="1.0" encoding="UTF-8"?><testsuite errors="0" failures="0" name="com.playground.bestbuy.crudtest.StoreCRUDTest" skipped="0" tests="4" time="11.22" timestamp="2020-05-27T16:10:12.347+01:00[Europe/London]"><testcase classname="com.playground.bestbuy.crudtest.StoreCRUDTest" name="Creating a new Store"/><testcase classname="com.playground.bestbuy.crudtest.StoreCRUDTest" name="Getting a created Store"/><testcase classname="com.playground.bestbuy.crudtest.StoreCRUDTest" name="This test will update the store information and verify the updated information"/><testcase classname="com.playground.bestbuy.crudtest.StoreCRUDTest" name="This test will delete the store and verify the store is deleted "/></testsuite>